<?xml version="1.0" encoding="UTF-8"?>
<!-- Generated by org.testng.reporters.JUnitReportReporter -->
<testsuite skipped="0" hostname="Ashish" name="com.qa.sampletests.GoogleHomePageTest" tests="1" failures="0" timestamp="02 Jan 2020 05:39:56 GMT" time="7.704" errors="0">
  <testcase name="verifyPageTitle" time="7.704" classname="com.qa.sampletests.GoogleHomePageTest"/>
</testsuite> <!-- com.qa.sampletests.GoogleHomePageTest -->
